# project glmark2 (2012.12) configured on Tue Aug  8 10:20:41 2017 by
# waf 1.6.11 (abi 98, python 2070cf0 on linux2)
# using ./waf configure --with-flavors=fbdev-glesv2 --data-path=/root/test/mali-fbdev/data
#
----------------------------------------
Setting top to
/root/test/mali-fbdev
----------------------------------------
Setting out to
/root/test/mali-fbdev/build
----------------------------------------
Checking for 'gcc' (c compiler)
find program=['gcc', 'cc'] paths=['/usr/local/sbin', '/usr/local/bin', '/usr/sbin', '/usr/bin', '/sbin', '/bin', '/snap/bin'] var='CC' -> '/usr/bin/gcc'
find program=['ar'] paths=['/usr/local/sbin', '/usr/local/bin', '/usr/sbin', '/usr/bin', '/sbin', '/bin', '/snap/bin'] var='AR' -> '/usr/bin/ar'
/usr/bin/gcc
----------------------------------------
Checking for 'g++' (c++ compiler)
find program=['g++', 'c++'] paths=['/usr/local/sbin', '/usr/local/bin', '/usr/sbin', '/usr/bin', '/sbin', '/bin', '/snap/bin'] var='CXX' -> '/usr/bin/g++'
(tool ar is already loaded, skipping)
/usr/bin/g++
----------------------------------------
Checking for header stdlib.h
==>
#include <stdlib.h>

int main() {
	return 0;
}

<==
[1/2] [32mcxx: build/.conf_check_e2fbffd9cae974b6abf3d360c24cebe0/test.cpp -> build/.conf_check_e2fbffd9cae974b6abf3d360c24cebe0/testbuild/test.cpp.1.o
[0m
['/usr/bin/g++', '../test.cpp', '-c', '-o', 'test.cpp.1.o']
[2/2] [33mcxxprogram: build/.conf_check_e2fbffd9cae974b6abf3d360c24cebe0/testbuild/test.cpp.1.o -> build/.conf_check_e2fbffd9cae974b6abf3d360c24cebe0/testbuild/testprog
[0m
['/usr/bin/g++', 'test.cpp.1.o', '-o', '/root/test/mali-fbdev/build/.conf_check_e2fbffd9cae974b6abf3d360c24cebe0/testbuild/testprog', '-Wl,-Bstatic', '-Wl,-Bdynamic']
yes
----------------------------------------
Checking for header string.h
==>
#include <stdlib.h>
#include <string.h>

int main() {
	return 0;
}

<==
[1/2] [32mcxx: build/.conf_check_23ed87d9b9d8e59e496eec91af1459cd/test.cpp -> build/.conf_check_23ed87d9b9d8e59e496eec91af1459cd/testbuild/test.cpp.1.o
[0m
['/usr/bin/g++', '-DHAVE_STDLIB_H=1', '../test.cpp', '-c', '-o', 'test.cpp.1.o']
[2/2] [33mcxxprogram: build/.conf_check_23ed87d9b9d8e59e496eec91af1459cd/testbuild/test.cpp.1.o -> build/.conf_check_23ed87d9b9d8e59e496eec91af1459cd/testbuild/testprog
[0m
['/usr/bin/g++', 'test.cpp.1.o', '-o', '/root/test/mali-fbdev/build/.conf_check_23ed87d9b9d8e59e496eec91af1459cd/testbuild/testprog', '-Wl,-Bstatic', '-Wl,-Bdynamic']
yes
----------------------------------------
Checking for header unistd.h
==>
#include <stdlib.h>
#include <string.h>
#include <unistd.h>

int main() {
	return 0;
}

<==
[1/2] [32mcxx: build/.conf_check_10daf2d28530ff3832b59d646cb85c08/test.cpp -> build/.conf_check_10daf2d28530ff3832b59d646cb85c08/testbuild/test.cpp.1.o
[0m
['/usr/bin/g++', '-DHAVE_STDLIB_H=1', '-DHAVE_STRING_H=1', '../test.cpp', '-c', '-o', 'test.cpp.1.o']
[2/2] [33mcxxprogram: build/.conf_check_10daf2d28530ff3832b59d646cb85c08/testbuild/test.cpp.1.o -> build/.conf_check_10daf2d28530ff3832b59d646cb85c08/testbuild/testprog
[0m
['/usr/bin/g++', 'test.cpp.1.o', '-o', '/root/test/mali-fbdev/build/.conf_check_10daf2d28530ff3832b59d646cb85c08/testbuild/testprog', '-Wl,-Bstatic', '-Wl,-Bdynamic']
yes
----------------------------------------
Checking for header stdint.h
==>
#include <stdlib.h>
#include <string.h>
#include <unistd.h>
#include <stdint.h>

int main() {
	return 0;
}

<==
[1/2] [32mcxx: build/.conf_check_6399d597374bb0edfdf4b2dae4689790/test.cpp -> build/.conf_check_6399d597374bb0edfdf4b2dae4689790/testbuild/test.cpp.1.o
[0m
['/usr/bin/g++', '-DHAVE_STDLIB_H=1', '-DHAVE_STRING_H=1', '-DHAVE_UNISTD_H=1', '../test.cpp', '-c', '-o', 'test.cpp.1.o']
[2/2] [33mcxxprogram: build/.conf_check_6399d597374bb0edfdf4b2dae4689790/testbuild/test.cpp.1.o -> build/.conf_check_6399d597374bb0edfdf4b2dae4689790/testbuild/testprog
[0m
['/usr/bin/g++', 'test.cpp.1.o', '-o', '/root/test/mali-fbdev/build/.conf_check_6399d597374bb0edfdf4b2dae4689790/testbuild/testprog', '-Wl,-Bstatic', '-Wl,-Bdynamic']
yes
----------------------------------------
Checking for header stdio.h
==>
#include <stdlib.h>
#include <string.h>
#include <unistd.h>
#include <stdint.h>
#include <stdio.h>

int main() {
	return 0;
}

<==
[1/2] [32mcxx: build/.conf_check_f3a3b145ba639f3663b2d617236a8b4d/test.cpp -> build/.conf_check_f3a3b145ba639f3663b2d617236a8b4d/testbuild/test.cpp.1.o
[0m
['/usr/bin/g++', '-DHAVE_STDLIB_H=1', '-DHAVE_STRING_H=1', '-DHAVE_UNISTD_H=1', '-DHAVE_STDINT_H=1', '../test.cpp', '-c', '-o', 'test.cpp.1.o']
[2/2] [33mcxxprogram: build/.conf_check_f3a3b145ba639f3663b2d617236a8b4d/testbuild/test.cpp.1.o -> build/.conf_check_f3a3b145ba639f3663b2d617236a8b4d/testbuild/testprog
[0m
['/usr/bin/g++', 'test.cpp.1.o', '-o', '/root/test/mali-fbdev/build/.conf_check_f3a3b145ba639f3663b2d617236a8b4d/testbuild/testprog', '-Wl,-Bstatic', '-Wl,-Bdynamic']
yes
----------------------------------------
Checking for header jpeglib.h
==>
#include <stdlib.h>
#include <string.h>
#include <unistd.h>
#include <stdint.h>
#include <stdio.h>
#include <jpeglib.h>

int main() {
	return 0;
}

<==
[1/2] [32mcxx: build/.conf_check_cc45028120ea8bd2b412e34d51ebd39b/test.cpp -> build/.conf_check_cc45028120ea8bd2b412e34d51ebd39b/testbuild/test.cpp.1.o
[0m
['/usr/bin/g++', '-DHAVE_STDLIB_H=1', '-DHAVE_STRING_H=1', '-DHAVE_UNISTD_H=1', '-DHAVE_STDINT_H=1', '-DHAVE_STDIO_H=1', '../test.cpp', '-c', '-o', 'test.cpp.1.o']
[2/2] [33mcxxprogram: build/.conf_check_cc45028120ea8bd2b412e34d51ebd39b/testbuild/test.cpp.1.o -> build/.conf_check_cc45028120ea8bd2b412e34d51ebd39b/testbuild/testprog
[0m
['/usr/bin/g++', 'test.cpp.1.o', '-o', '/root/test/mali-fbdev/build/.conf_check_cc45028120ea8bd2b412e34d51ebd39b/testbuild/testprog', '-Wl,-Bstatic', '-Wl,-Bdynamic']
yes
----------------------------------------
Checking for library m
==>
#include <stdlib.h>
#include <string.h>
#include <unistd.h>
#include <stdint.h>
#include <stdio.h>
#include <jpeglib.h>

int main() {
	return 0;
}

<==
[1/2] [32mcxx: build/.conf_check_4505a5798a59aab199df57ed61ebd50e/test.cpp -> build/.conf_check_4505a5798a59aab199df57ed61ebd50e/testbuild/test.cpp.1.o
[0m
['/usr/bin/g++', '-DHAVE_STDLIB_H=1', '-DHAVE_STRING_H=1', '-DHAVE_UNISTD_H=1', '-DHAVE_STDINT_H=1', '-DHAVE_STDIO_H=1', '-DHAVE_JPEGLIB_H=1', '../test.cpp', '-c', '-o', 'test.cpp.1.o']
[2/2] [33mcxxprogram: build/.conf_check_4505a5798a59aab199df57ed61ebd50e/testbuild/test.cpp.1.o -> build/.conf_check_4505a5798a59aab199df57ed61ebd50e/testbuild/testprog
[0m
['/usr/bin/g++', 'test.cpp.1.o', '-o', '/root/test/mali-fbdev/build/.conf_check_4505a5798a59aab199df57ed61ebd50e/testbuild/testprog', '-Wl,-Bstatic', '-Wl,-Bdynamic', '-lm']
yes
----------------------------------------
Checking for library jpeg
==>
#include <stdlib.h>
#include <string.h>
#include <unistd.h>
#include <stdint.h>
#include <stdio.h>
#include <jpeglib.h>

int main() {
	return 0;
}

<==
[1/2] [32mcxx: build/.conf_check_6afabd87331f0418786d654c4f0db315/test.cpp -> build/.conf_check_6afabd87331f0418786d654c4f0db315/testbuild/test.cpp.1.o
[0m
['/usr/bin/g++', '-DHAVE_STDLIB_H=1', '-DHAVE_STRING_H=1', '-DHAVE_UNISTD_H=1', '-DHAVE_STDINT_H=1', '-DHAVE_STDIO_H=1', '-DHAVE_JPEGLIB_H=1', '../test.cpp', '-c', '-o', 'test.cpp.1.o']
[2/2] [33mcxxprogram: build/.conf_check_6afabd87331f0418786d654c4f0db315/testbuild/test.cpp.1.o -> build/.conf_check_6afabd87331f0418786d654c4f0db315/testbuild/testprog
[0m
['/usr/bin/g++', 'test.cpp.1.o', '-o', '/root/test/mali-fbdev/build/.conf_check_6afabd87331f0418786d654c4f0db315/testbuild/testprog', '-Wl,-Bstatic', '-Wl,-Bdynamic', '-ljpeg']
yes
----------------------------------------
Checking for function memset
==>
#include <stdlib.h>
#include <string.h>
#include <unistd.h>
#include <stdint.h>
#include <stdio.h>
#include <jpeglib.h>
#include <string.h>

	int main() {
	void *p;
	p=(void*)(memset);
	return 0;
}

<==
[1/2] [32mcxx: build/.conf_check_e391cd46435f78ed21d1462f87367f9b/test.cpp -> build/.conf_check_e391cd46435f78ed21d1462f87367f9b/testbuild/test.cpp.1.o
[0m
['/usr/bin/g++', '-DHAVE_STDLIB_H=1', '-DHAVE_STRING_H=1', '-DHAVE_UNISTD_H=1', '-DHAVE_STDINT_H=1', '-DHAVE_STDIO_H=1', '-DHAVE_JPEGLIB_H=1', '../test.cpp', '-c', '-o', 'test.cpp.1.o']
[2/2] [33mcxxprogram: build/.conf_check_e391cd46435f78ed21d1462f87367f9b/testbuild/test.cpp.1.o -> build/.conf_check_e391cd46435f78ed21d1462f87367f9b/testbuild/testprog
[0m
['/usr/bin/g++', 'test.cpp.1.o', '-o', '/root/test/mali-fbdev/build/.conf_check_e391cd46435f78ed21d1462f87367f9b/testbuild/testprog', '-Wl,-Bstatic', '-Wl,-Bdynamic']
yes
----------------------------------------
Checking for function sqrt
==>
#include <stdlib.h>
#include <string.h>
#include <unistd.h>
#include <stdint.h>
#include <stdio.h>
#include <jpeglib.h>
#include <math.h>

	int main() {
	void *p;
	p=(void*)(sqrt);
	return 0;
}

<==
[1/2] [32mcxx: build/.conf_check_146ca69a2a8f62a0c06bc7571dfcc4dc/test.cpp -> build/.conf_check_146ca69a2a8f62a0c06bc7571dfcc4dc/testbuild/test.cpp.1.o
[0m
['/usr/bin/g++', '-DHAVE_STDLIB_H=1', '-DHAVE_STRING_H=1', '-DHAVE_UNISTD_H=1', '-DHAVE_STDINT_H=1', '-DHAVE_STDIO_H=1', '-DHAVE_JPEGLIB_H=1', '-DHAVE_MEMSET=1', '../test.cpp', '-c', '-o', 'test.cpp.1.o']
[2/2] [33mcxxprogram: build/.conf_check_146ca69a2a8f62a0c06bc7571dfcc4dc/testbuild/test.cpp.1.o -> build/.conf_check_146ca69a2a8f62a0c06bc7571dfcc4dc/testbuild/testprog
[0m
['/usr/bin/g++', 'test.cpp.1.o', '-o', '/root/test/mali-fbdev/build/.conf_check_146ca69a2a8f62a0c06bc7571dfcc4dc/testbuild/testprog', '-Wl,-Bstatic', '-Wl,-Bdynamic', '-lm']
yes
----------------------------------------
Checking for program pkg-config
/usr/bin/pkg-config
find program=['pkg-config'] paths=['/usr/local/sbin', '/usr/local/bin', '/usr/sbin', '/usr/bin', '/sbin', '/bin', '/snap/bin'] var='PKGCONFIG' -> '/usr/bin/pkg-config'
----------------------------------------
Checking for 'libpng12' >= 1.2
['/usr/bin/pkg-config', '--atleast-version=1.2', 'libpng12']
['/usr/bin/pkg-config', 'libpng12', '--cflags', '--libs']
out: -I/usr/include/libpng12 -lpng12

yes
----------------------------------------
Checking for 'x11'
['/usr/bin/pkg-config', 'x11', '--cflags', '--libs']
err: Package x11 was not found in the pkg-config search path.
Perhaps you should add the directory containing `x11.pc'
to the PKG_CONFIG_PATH environment variable
No package 'x11' found

not found
from /root/test/mali-fbdev: The configuration failed
----------------------------------------
Checking for 'gl'
['/usr/bin/pkg-config', 'gl', '--cflags', '--libs']
err: Package gl was not found in the pkg-config search path.
Perhaps you should add the directory containing `gl.pc'
to the PKG_CONFIG_PATH environment variable
No package 'gl' found

not found
from /root/test/mali-fbdev: The configuration failed
----------------------------------------
Checking for 'egl'
['/usr/bin/pkg-config', 'egl', '--cflags', '--libs']
out: -I/usr/include/ -lEGL -lGLESv2

yes
----------------------------------------
Checking for 'glesv2'
['/usr/bin/pkg-config', 'glesv2', '--cflags', '--libs']
out: -I/usr/include/ -lGLESv2

yes
----------------------------------------
Checking for 'libdrm'
['/usr/bin/pkg-config', 'libdrm', '--cflags', '--libs']
err: Package libdrm was not found in the pkg-config search path.
Perhaps you should add the directory containing `libdrm.pc'
to the PKG_CONFIG_PATH environment variable
No package 'libdrm' found

not found
from /root/test/mali-fbdev: The configuration failed
----------------------------------------
Checking for 'gbm'
['/usr/bin/pkg-config', 'gbm', '--cflags', '--libs']
err: Package gbm was not found in the pkg-config search path.
Perhaps you should add the directory containing `gbm.pc'
to the PKG_CONFIG_PATH environment variable
No package 'gbm' found

not found
from /root/test/mali-fbdev: The configuration failed
----------------------------------------
Checking for 'mirclient'
['/usr/bin/pkg-config', 'mirclient', '--cflags', '--libs']
err: Package mirclient was not found in the pkg-config search path.
Perhaps you should add the directory containing `mirclient.pc'
to the PKG_CONFIG_PATH environment variable
No package 'mirclient' found

not found
from /root/test/mali-fbdev: The configuration failed
----------------------------------------
Checking for 'wayland-client'
['/usr/bin/pkg-config', 'wayland-client', '--cflags', '--libs']
err: Package wayland-client was not found in the pkg-config search path.
Perhaps you should add the directory containing `wayland-client.pc'
to the PKG_CONFIG_PATH environment variable
No package 'wayland-client' found

not found
from /root/test/mali-fbdev: The configuration failed
----------------------------------------
Checking for 'wayland-egl'
['/usr/bin/pkg-config', 'wayland-egl', '--cflags', '--libs']
out: -I/usr/include/ -lwayland-egl -lwayland-client -lwayland-server

yes
----------------------------------------
Prefix
/usr/local
----------------------------------------
Data path
/root/test/mali-fbdev/data
----------------------------------------
Including extras
No
----------------------------------------
Building flavors
['fbdev-glesv2']
